<?xml version="1.0" encoding="UTF-8"?>
<!-- Generated by org.testng.reporters.JUnitReportReporter -->
<testsuite skipped="0" hostname="Amruths-MacBook-Pro.local" name="com.testscripts.EnterCustomerDetailsTest" tests="6" failures="0" timestamp="2020-07-05T14:06:28 IST" time="19.668" errors="0">
  <testcase name="enterCityOnShoppingCartPage" time="3.422" classname="com.testscripts.EnterCustomerDetailsTest"/>
  <system-out/>
  <testcase name="enterAddressOnShoppingCartPage" time="4.696" classname="com.testscripts.EnterCustomerDetailsTest"/>
  <system-out/>
  <testcase name="enterCustomerEmailOnShoppingCartPage" time="2.639" classname="com.testscripts.EnterCustomerDetailsTest"/>
  <system-out/>
  <testcase name="enterCustomerPhoneNoOnShoppingCartPage" time="2.545" classname="com.testscripts.EnterCustomerDetailsTest"/>
  <system-out/>
  <testcase name="enterPostalCodeOnShoppingCartPage" time="4.047" classname="com.testscripts.EnterCustomerDetailsTest"/>
  <system-out/>
  <testcase name="enterCustomerNameOnShoppingCartPage" time="2.319" classname="com.testscripts.EnterCustomerDetailsTest"/>
  <system-out/>
</testsuite> <!-- com.testscripts.EnterCustomerDetailsTest -->
