<?xml version="1.0" encoding="UTF-8"?>
<!-- Generated by org.testng.reporters.JUnitReportReporter -->
<testsuite skipped="0" hostname="Amruths-MacBook-Pro.local" name="com.testscripts.VerifyPillowTotalInShoppingCartTest" tests="1" failures="0" timestamp="2020-07-05T11:55:23 IST" time="2.110" errors="0">
  <testcase name="verifyPillowTotalInShoppingCart" time="2.110" classname="com.testscripts.VerifyPillowTotalInShoppingCartTest"/>
  <system-out/>
</testsuite> <!-- com.testscripts.VerifyPillowTotalInShoppingCartTest -->
