<?xml version="1.0" encoding="UTF-8"?>
<!-- Generated by org.testng.reporters.JUnitReportReporter -->
<testsuite skipped="0" hostname="Amruths-MacBook-Pro.local" name="com.creditcardpage.testscripts.VerifyPillowTotalInCreditCardPageTest" tests="1" failures="0" timestamp="2020-07-05T23:22:26 IST" time="20.169" errors="0">
  <testcase name="verifyPillowTotalInCreditCardPage" time="20.169" classname="com.creditcardpage.testscripts.VerifyPillowTotalInCreditCardPageTest"/>
  <system-out/>
</testsuite> <!-- com.creditcardpage.testscripts.VerifyPillowTotalInCreditCardPageTest -->
