<?xml version="1.0" encoding="UTF-8"?>
<!-- Generated by org.testng.reporters.JUnitReportReporter -->
<testsuite skipped="0" hostname="Amruths-MacBook-Pro.local" name="com.testscripts.VerifyPillowTitleTest" tests="1" failures="0" timestamp="2020-07-05T10:22:29 IST" time="1.811" errors="0">
  <testcase name="verifyPillowTitle" time="1.811" classname="com.testscripts.VerifyPillowTitleTest"/>
  <system-out/>
</testsuite> <!-- com.testscripts.VerifyPillowTitleTest -->
