<?xml version="1.0" encoding="UTF-8"?>
<!-- Generated by org.testng.reporters.JUnitReportReporter -->
<testsuite skipped="0" hostname="Amruths-MacBook-Pro.local" name="com.creditcardpage.testscripts.EnterInvalidCardDetailsTest" tests="1" failures="0" timestamp="2020-07-06T11:41:47 IST" time="42.758" errors="0">
  <testcase name="enterInValidCardDetailsTransactionFailedMsgReason" time="42.758" classname="com.creditcardpage.testscripts.EnterInvalidCardDetailsTest"/>
  <system-out/>
</testsuite> <!-- com.creditcardpage.testscripts.EnterInvalidCardDetailsTest -->
