<?xml version="1.0" encoding="UTF-8"?>
<!-- Generated by org.testng.reporters.JUnitReportReporter -->
<testsuite skipped="0" hostname="Amruths-MacBook-Pro.local" name="com.creditcardpage.testscripts.EnterValidCardDetailsTest" tests="1" failures="0" timestamp="2020-07-06T11:17:53 IST" time="30.627" errors="0">
  <testcase name="enterValidCardDetails" time="30.627" classname="com.creditcardpage.testscripts.EnterValidCardDetailsTest"/>
  <system-out/>
</testsuite> <!-- com.creditcardpage.testscripts.EnterValidCardDetailsTest -->
