<?xml version="1.0" encoding="UTF-8"?>
<!-- Generated by org.testng.reporters.JUnitReportReporter -->
<testsuite skipped="0" hostname="Amruths-MacBook-Pro.local" name="com.ordersummary.testscripts.VerifyCustomerNameInOrderSummaryTest" tests="1" failures="0" timestamp="2020-07-05T20:42:51 IST" time="21.671" errors="0">
  <testcase name="verifyCustomerNameInOrderSummary" time="21.671" classname="com.ordersummary.testscripts.VerifyCustomerNameInOrderSummaryTest"/>
  <system-out/>
</testsuite> <!-- com.ordersummary.testscripts.VerifyCustomerNameInOrderSummaryTest -->
