<?xml version="1.0" encoding="UTF-8"?>
<!-- Generated by org.testng.reporters.JUnitReportReporter -->
<testsuite skipped="0" hostname="Amruths-MacBook-Pro.local" name="com.ordersummary.testscripts.ClickOnContinueBtnAndSelectPaymentMethodTest" tests="1" failures="0" timestamp="2020-07-05T20:58:01 IST" time="22.422" errors="0">
  <testcase name="clickOnContinueBtnAndSelectCreditCardPayment" time="22.422" classname="com.ordersummary.testscripts.ClickOnContinueBtnAndSelectPaymentMethodTest"/>
  <system-out/>
</testsuite> <!-- com.ordersummary.testscripts.ClickOnContinueBtnAndSelectPaymentMethodTest -->
