<?xml version="1.0" encoding="UTF-8"?>
<!-- Generated by org.testng.reporters.JUnitReportReporter -->
<testsuite skipped="0" hostname="Amruths-MacBook-Pro.local" name="com.ordersummary.testscripts.VerifyPillowNameInOrderSummaryTest" tests="1" failures="0" timestamp="2020-07-05T20:26:55 IST" time="20.924" errors="0">
  <testcase name="verifyPillowNameInOrderSummary" time="20.924" classname="com.ordersummary.testscripts.VerifyPillowNameInOrderSummaryTest"/>
  <system-out/>
</testsuite> <!-- com.ordersummary.testscripts.VerifyPillowNameInOrderSummaryTest -->
