<?xml version="1.0" encoding="UTF-8"?>
<!-- Generated by org.testng.reporters.JUnitReportReporter -->
<testsuite skipped="0" hostname="Amruths-MacBook-Pro.local" name="com.ordersummary.testscripts.VerifyPillowTotalInOrderSummaryTest" tests="1" failures="0" timestamp="2020-07-05T20:19:18 IST" time="210.418" errors="0">
  <testcase name="verifyPillowTotalInOrderSummary" time="210.418" classname="com.ordersummary.testscripts.VerifyPillowTotalInOrderSummaryTest"/>
  <system-out/>
</testsuite> <!-- com.ordersummary.testscripts.VerifyPillowTotalInOrderSummaryTest -->
