<?xml version="1.0" encoding="UTF-8"?>
<!-- Generated by org.testng.reporters.JUnitReportReporter -->
<testsuite skipped="0" hostname="Amruths-MacBook-Pro.local" name="com.testscripts.EnterCustomerDetailsAndCheoutOutTest" tests="1" failures="0" timestamp="2020-07-05T14:28:28 IST" time="5.240" errors="0">
  <testcase name="enterCustomerDetailsAndCheckOut" time="5.240" classname="com.testscripts.EnterCustomerDetailsAndCheoutOutTest"/>
  <system-out/>
</testsuite> <!-- com.testscripts.EnterCustomerDetailsAndCheoutOutTest -->
