<?xml version="1.0" encoding="UTF-8"?>
<!-- Generated by org.testng.reporters.JUnitReportReporter -->
<testsuite skipped="0" hostname="Amruths-MacBook-Pro.local" name="com.ordersummary.testscripts.VerifyCustomerDetailsInOrderSummaryTest" tests="4" failures="0" timestamp="2020-07-05T20:46:57 IST" time="79.550" errors="0">
  <testcase name="verifyCustomerEmailInOrderSummary" time="18.754" classname="com.ordersummary.testscripts.VerifyCustomerDetailsInOrderSummaryTest"/>
  <system-out/>
  <testcase name="verifyCustomerPhoneNoInOrderSummary" time="18.397" classname="com.ordersummary.testscripts.VerifyCustomerDetailsInOrderSummaryTest"/>
  <system-out/>
  <testcase name="verifyCustomerAddressInOrderSummary" time="23.806" classname="com.ordersummary.testscripts.VerifyCustomerDetailsInOrderSummaryTest"/>
  <system-out/>
  <testcase name="verifyCustomerNameInOrderSummary" time="18.593" classname="com.ordersummary.testscripts.VerifyCustomerDetailsInOrderSummaryTest"/>
  <system-out/>
</testsuite> <!-- com.ordersummary.testscripts.VerifyCustomerDetailsInOrderSummaryTest -->
