<?xml version="1.0" encoding="UTF-8"?>
<!-- Generated by org.testng.reporters.JUnitReportReporter -->
<testsuite skipped="0" hostname="Amruths-MacBook-Pro.local" name="com.testscripts.VerifyPillowAndClickOnBuyNowBtnTest" tests="1" failures="0" timestamp="2020-07-05T11:44:06 IST" time="2.751" errors="0">
  <testcase name="verifyPillowAndClickOnBuyNowBtn" time="2.751" classname="com.testscripts.VerifyPillowAndClickOnBuyNowBtnTest"/>
  <system-out/>
</testsuite> <!-- com.testscripts.VerifyPillowAndClickOnBuyNowBtnTest -->
